Using pre-set license
Built from '2020.3/staging' branch; Version is '2020.3.39f1 (fd6670bb8be9) revision 16606832'; Using compiler version '192528614'; Build Type 'Release'
OS: 'Windows 10  (10.0.19044) 64bit Education' Language: 'en' Physical Memory: 8087 MB
BatchMode: 1, IsHumanControllingUs: 0, StartBugReporterOnCrash: 0, Is64bit: 1, IsPro: 0

COMMAND LINE ARGUMENTS:
C:\Program Files\Unity\Hub\Editor\2020.3.39f1\Editor\Unity.exe
-adb2
-batchMode
-noUpm
-name
AssetImportWorker0
-projectPath
C:/Users/139282/Documents/GitHub/ABK_cwc_prototype2/prototype2
-logFile
Logs/AssetImportWorker0.log
-srvPort
60472
Successfully changed project path to: C:/Users/139282/Documents/GitHub/ABK_cwc_prototype2/prototype2
C:/Users/139282/Documents/GitHub/ABK_cwc_prototype2/prototype2
Using Asset Import Pipeline V2.
Refreshing native plugins compatible for Editor in 103.15 ms, found 2 plugins.
Preloading 0 native plugins for Editor in 0.00 ms.
Initialize engine version: 2020.3.39f1 (fd6670bb8be9)
[Subsystems] Discovering subsystems at path C:/Program Files/Unity/Hub/Editor/2020.3.39f1/Editor/Data/Resources/UnitySubsystems
[Subsystems] Discovering subsystems at path C:/Users/139282/Documents/GitHub/ABK_cwc_prototype2/prototype2/Assets
GfxDevice: creating device client; threaded=0
Direct3D:
    Version:  Direct3D 11.0 [level 11.1]
    Renderer: Intel(R) UHD Graphics 620 (ID=0x5917)
    Vendor:   
    VRAM:     4043 MB
    Driver:   30.0.101.1340
Initialize mono
Mono path[0] = 'C:/Program Files/Unity/Hub/Editor/2020.3.39f1/Editor/Data/Managed'
Mono path[1] = 'C:/Program Files/Unity/Hub/Editor/2020.3.39f1/Editor/Data/MonoBleedingEdge/lib/mono/unityjit'
Mono config path = 'C:/Program Files/Unity/Hub/Editor/2020.3.39f1/Editor/Data/MonoBleedingEdge/etc'
Using monoOptions --debugger-agent=transport=dt_socket,embedding=1,server=y,suspend=n,address=127.0.0.1:56864
Begin MonoManager ReloadAssembly
Registering precompiled unity dll's ...
Register platform support module: C:/Program Files/Unity/Hub/Editor/2020.3.39f1/Editor/Data/PlaybackEngines/WindowsStandaloneSupport/UnityEditor.WindowsStandalone.Extensions.dll
Registered in 0.006027 seconds.
Native extension for WindowsStandalone target not found
Refreshing native plugins compatible for Editor in 95.79 ms, found 2 plugins.
Preloading 0 native plugins for Editor in 0.00 ms.
Mono: successfully reloaded assembly
- Completed reload, in  1.594 seconds
Domain Reload Profiling:
	ReloadAssembly (1594ms)
		BeginReloadAssembly (192ms)
			ExecutionOrderSort (0ms)
			DisableScriptedObjects (0ms)
			BackupInstance (0ms)
			ReleaseScriptingObjects (0ms)
			CreateAndSetChildDomain (2ms)
		EndReloadAssembly (1202ms)
			LoadAssemblies (186ms)
			RebuildTransferFunctionScriptingTraits (0ms)
			SetupTypeCache (416ms)
			ReleaseScriptCaches (0ms)
			RebuildScriptCaches (77ms)
			SetupLoadedEditorAssemblies (454ms)
				LogAssemblyErrors (0ms)
				InitializePlatformSupportModulesInManaged (13ms)
				SetLoadedEditorAssemblies (1ms)
				RefreshPlugins (96ms)
				BeforeProcessingInitializeOnLoad (21ms)
				ProcessInitializeOnLoadAttributes (241ms)
				ProcessInitializeOnLoadMethodAttributes (81ms)
				AfterProcessingInitializeOnLoad (0ms)
				EditorAssembliesLoaded (1ms)
			ExecutionOrderSort2 (0ms)
			AwakeInstancesAfterBackupRestoration (0ms)
Platform modules already initialized, skipping
Registering precompiled user dll's ...
Registered in 0.010559 seconds.
Begin MonoManager ReloadAssembly
Native extension for WindowsStandalone target not found
Refreshing native plugins compatible for Editor in 0.71 ms, found 2 plugins.
Preloading 0 native plugins for Editor in 0.00 ms.
Mono: successfully reloaded assembly
- Completed reload, in  2.884 seconds
Domain Reload Profiling:
	ReloadAssembly (2887ms)
		BeginReloadAssembly (413ms)
			ExecutionOrderSort (0ms)
			DisableScriptedObjects (13ms)
			BackupInstance (0ms)
			ReleaseScriptingObjects (0ms)
			CreateAndSetChildDomain (45ms)
		EndReloadAssembly (2312ms)
			LoadAssemblies (267ms)
			RebuildTransferFunctionScriptingTraits (0ms)
			SetupTypeCache (702ms)
			ReleaseScriptCaches (1ms)
			RebuildScriptCaches (110ms)
			SetupLoadedEditorAssemblies (1034ms)
				LogAssemblyErrors (0ms)
				InitializePlatformSupportModulesInManaged (12ms)
				SetLoadedEditorAssemblies (1ms)
				RefreshPlugins (1ms)
				BeforeProcessingInitializeOnLoad (222ms)
				ProcessInitializeOnLoadAttributes (738ms)
				ProcessInitializeOnLoadMethodAttributes (39ms)
				AfterProcessingInitializeOnLoad (20ms)
				EditorAssembliesLoaded (1ms)
			ExecutionOrderSort2 (0ms)
			AwakeInstancesAfterBackupRestoration (5ms)
Platform modules already initialized, skipping
========================================================================
Worker process is ready to serve import requests
Launched and connected shader compiler UnityShaderCompiler.exe after 0.19 seconds
Refreshing native plugins compatible for Editor in 0.66 ms, found 2 plugins.
Preloading 0 native plugins for Editor in 0.00 ms.
Unloading 1530 Unused Serialized files (Serialized files now loaded: 0)
System memory in use before: 70.8 MB.
System memory in use after: 70.9 MB.

Unloading 17 unused Assets to reduce memory usage. Loaded Objects now: 1967.
Total: 6.177100 ms (FindLiveObjects: 0.255000 ms CreateObjectMapping: 0.113200 ms MarkObjects: 5.624400 ms  DeleteObjects: 0.182800 ms)

AssetImportParameters requested are different than current active one (requested -> active):
  custom:framework-win-MediaFoundation: 216162199b28c13a410421893ffa2e32 -> 
  custom:video-decoder-ogg-theora: a1e56fd34408186e4bbccfd4996cb3dc -> 
  custom:container-muxer-webm: aa71ff27fc2769a1b78a27578f13a17b -> 
  custom:container-demuxer-webm: 4f35f7cbe854078d1ac9338744f61a02 -> 
  custom:container-demuxer-ogg: 62fdf1f143b41e24485cea50d1cbac27 -> 
  custom:video-encoder-webm-vp8: eb34c28f22e8b96e1ab97ce403110664 -> 
  custom:video-decoder-webm-vp8: 9c59270c3fd7afecdb556c50c9e8de78 -> 
  custom:audio-decoder-ogg-vorbis: bf7c407c2cedff20999df2af8eb42d56 -> 
  custom:audio-encoder-webm-vorbis: bf7c407c2cedff20999df2af8eb42d56 -> 
========================================================================
Received Import Request.
  path: Assets/Prefabs/Animal_Chick.prefab
  artifactKey: Guid(4e3174be73ecf274faafd49b6107a2fe) Importer(815301076,1909f56bfc062723c751e8b465ee728b)
Start importing Assets/Prefabs/Animal_Chick.prefab using Guid(4e3174be73ecf274faafd49b6107a2fe) Importer(815301076,1909f56bfc062723c751e8b465ee728b)  -> (artifact id: 'f02a7ffdabf07dd2c86077890e5dc867') in 0.498624 seconds 
========================================================================
Received Import Request.
  Time since last request: 0.001030 seconds.
  path: Assets/Prefabs/Animal_Cow_White.prefab
  artifactKey: Guid(00cd039606e545345aa4c57d5c52d185) Importer(815301076,1909f56bfc062723c751e8b465ee728b)
Start importing Assets/Prefabs/Animal_Cow_White.prefab using Guid(00cd039606e545345aa4c57d5c52d185) Importer(815301076,1909f56bfc062723c751e8b465ee728b)  -> (artifact id: 'b37fbbfccf44db5020cbf03387ca9fbc') in 0.098831 seconds 
========================================================================
Received Import Request.
  Time since last request: 2.122124 seconds.
  path: Assets/Prefabs/Dog_Pug_01.prefab
  artifactKey: Guid(5f1ab73ef2b33744fba150683ef0873e) Importer(815301076,1909f56bfc062723c751e8b465ee728b)
Start importing Assets/Prefabs/Dog_Pug_01.prefab using Guid(5f1ab73ef2b33744fba150683ef0873e) Importer(815301076,1909f56bfc062723c751e8b465ee728b)  -> (artifact id: '342d899bd141c798f466910375007c27') in 0.185334 seconds 
========================================================================
Received Import Request.
  Time since last request: 55.351948 seconds.
  path: Assets/Prefabs/Animal_Chick.prefab
  artifactKey: Guid(4e3174be73ecf274faafd49b6107a2fe) Importer(815301076,1909f56bfc062723c751e8b465ee728b)
Start importing Assets/Prefabs/Animal_Chick.prefab using Guid(4e3174be73ecf274faafd49b6107a2fe) Importer(815301076,1909f56bfc062723c751e8b465ee728b)  -> (artifact id: '5d40e7378317e34c8d6c69c59bbf3f55') in 0.079994 seconds 
========================================================================
Received Import Request.
  Time since last request: 25.823782 seconds.
  path: Assets/Prefabs/Animal_Chick.prefab
  artifactKey: Guid(4e3174be73ecf274faafd49b6107a2fe) Importer(815301076,1909f56bfc062723c751e8b465ee728b)
Start importing Assets/Prefabs/Animal_Chick.prefab using Guid(4e3174be73ecf274faafd49b6107a2fe) Importer(815301076,1909f56bfc062723c751e8b465ee728b)  -> (artifact id: '02735c4e19cf90e842bb0cee7336c076') in 0.080508 seconds 
========================================================================
Received Import Request.
  Time since last request: 16.300774 seconds.
  path: Assets/Prefabs/Animal_Chick.prefab
  artifactKey: Guid(4e3174be73ecf274faafd49b6107a2fe) Importer(815301076,1909f56bfc062723c751e8b465ee728b)
Start importing Assets/Prefabs/Animal_Chick.prefab using Guid(4e3174be73ecf274faafd49b6107a2fe) Importer(815301076,1909f56bfc062723c751e8b465ee728b)  -> (artifact id: '1423f5018e9cffa20c8668ff7e97dd19') in 0.048130 seconds 
========================================================================
Received Import Request.
  Time since last request: 42.835590 seconds.
  path: Assets/Prefabs/Animal_Chick.prefab
  artifactKey: Guid(4e3174be73ecf274faafd49b6107a2fe) Importer(815301076,1909f56bfc062723c751e8b465ee728b)
Start importing Assets/Prefabs/Animal_Chick.prefab using Guid(4e3174be73ecf274faafd49b6107a2fe) Importer(815301076,1909f56bfc062723c751e8b465ee728b)  -> (artifact id: 'f364bef544fcc885c2829dc228f44053') in 0.064407 seconds 
========================================================================
Received Import Request.
  Time since last request: 18.090316 seconds.
  path: Assets/Prefabs/Animal_Chick.prefab
  artifactKey: Guid(4e3174be73ecf274faafd49b6107a2fe) Importer(815301076,1909f56bfc062723c751e8b465ee728b)
Start importing Assets/Prefabs/Animal_Chick.prefab using Guid(4e3174be73ecf274faafd49b6107a2fe) Importer(815301076,1909f56bfc062723c751e8b465ee728b)  -> (artifact id: '2b73f2450bce02968e712321437cf53a') in 0.049152 seconds 
========================================================================
Received Import Request.
  Time since last request: 9.637604 seconds.
  path: Assets/Prefabs/Animal_Chick.prefab
  artifactKey: Guid(4e3174be73ecf274faafd49b6107a2fe) Importer(815301076,1909f56bfc062723c751e8b465ee728b)
Start importing Assets/Prefabs/Animal_Chick.prefab using Guid(4e3174be73ecf274faafd49b6107a2fe) Importer(815301076,1909f56bfc062723c751e8b465ee728b)  -> (artifact id: 'bb24b27fe588c611178608bce63f72c2') in 0.050256 seconds 
========================================================================
Received Import Request.
  Time since last request: 13.151479 seconds.
  path: Assets/Prefabs/Animal_Chick.prefab
  artifactKey: Guid(4e3174be73ecf274faafd49b6107a2fe) Importer(815301076,1909f56bfc062723c751e8b465ee728b)
Start importing Assets/Prefabs/Animal_Chick.prefab using Guid(4e3174be73ecf274faafd49b6107a2fe) Importer(815301076,1909f56bfc062723c751e8b465ee728b)  -> (artifact id: '5285ed4d4e85e9f52329c55db65abe31') in 0.045932 seconds 
========================================================================
Received Import Request.
  Time since last request: 11.588444 seconds.
  path: Assets/Prefabs/Animal_Chick.prefab
  artifactKey: Guid(4e3174be73ecf274faafd49b6107a2fe) Importer(815301076,1909f56bfc062723c751e8b465ee728b)
Start importing Assets/Prefabs/Animal_Chick.prefab using Guid(4e3174be73ecf274faafd49b6107a2fe) Importer(815301076,1909f56bfc062723c751e8b465ee728b)  -> (artifact id: '66dff1c93ea0008c3a64ab2c2d6fde38') in 0.083542 seconds 
========================================================================
Received Import Request.
  Time since last request: 18.534207 seconds.
  path: Assets/Prefabs/Animal_Cow_White.prefab
  artifactKey: Guid(00cd039606e545345aa4c57d5c52d185) Importer(815301076,1909f56bfc062723c751e8b465ee728b)
Start importing Assets/Prefabs/Animal_Cow_White.prefab using Guid(00cd039606e545345aa4c57d5c52d185) Importer(815301076,1909f56bfc062723c751e8b465ee728b)  -> (artifact id: 'b414c8b666a837e043b1f28314374c06') in 0.062209 seconds 
========================================================================
Received Import Request.
  Time since last request: 2.597601 seconds.
  path: Assets/Prefabs/Animal_Cow_White.prefab
  artifactKey: Guid(00cd039606e545345aa4c57d5c52d185) Importer(815301076,1909f56bfc062723c751e8b465ee728b)
Start importing Assets/Prefabs/Animal_Cow_White.prefab using Guid(00cd039606e545345aa4c57d5c52d185) Importer(815301076,1909f56bfc062723c751e8b465ee728b)  -> (artifact id: 'b8eadaa631994c4bede9378bddc038c2') in 0.061466 seconds 
========================================================================
Received Import Request.
  Time since last request: 22.586117 seconds.
  path: Assets/Prefabs/Animal_Cow_White.prefab
  artifactKey: Guid(00cd039606e545345aa4c57d5c52d185) Importer(815301076,1909f56bfc062723c751e8b465ee728b)
Start importing Assets/Prefabs/Animal_Cow_White.prefab using Guid(00cd039606e545345aa4c57d5c52d185) Importer(815301076,1909f56bfc062723c751e8b465ee728b)  -> (artifact id: 'fa87a87999b82fc740d2ba549a92332c') in 0.058947 seconds 
========================================================================
Received Import Request.
  Time since last request: 12.136345 seconds.
  path: Assets/Prefabs/Animal_Cow_White.prefab
  artifactKey: Guid(00cd039606e545345aa4c57d5c52d185) Importer(815301076,1909f56bfc062723c751e8b465ee728b)
Start importing Assets/Prefabs/Animal_Cow_White.prefab using Guid(00cd039606e545345aa4c57d5c52d185) Importer(815301076,1909f56bfc062723c751e8b465ee728b)  -> (artifact id: 'f66aa3d979ebad85c505622270c21d3d') in 0.065656 seconds 
========================================================================
Received Import Request.
  Time since last request: 5.540242 seconds.
  path: Assets/Prefabs/Animal_Cow_White.prefab
  artifactKey: Guid(00cd039606e545345aa4c57d5c52d185) Importer(815301076,1909f56bfc062723c751e8b465ee728b)
Start importing Assets/Prefabs/Animal_Cow_White.prefab using Guid(00cd039606e545345aa4c57d5c52d185) Importer(815301076,1909f56bfc062723c751e8b465ee728b)  -> (artifact id: '4c856265ddcc2949f38607023e372728') in 0.060150 seconds 
========================================================================
Received Import Request.
  Time since last request: 3.177989 seconds.
  path: Assets/Prefabs/Animal_Cow_White.prefab
  artifactKey: Guid(00cd039606e545345aa4c57d5c52d185) Importer(815301076,1909f56bfc062723c751e8b465ee728b)
Start importing Assets/Prefabs/Animal_Cow_White.prefab using Guid(00cd039606e545345aa4c57d5c52d185) Importer(815301076,1909f56bfc062723c751e8b465ee728b)  -> (artifact id: '2c7b7d51bcfa80f81ebb0605852f8503') in 0.060359 seconds 
========================================================================
Received Import Request.
  Time since last request: 7.886903 seconds.
  path: Assets/Prefabs/Animal_Cow_White.prefab
  artifactKey: Guid(00cd039606e545345aa4c57d5c52d185) Importer(815301076,1909f56bfc062723c751e8b465ee728b)
Start importing Assets/Prefabs/Animal_Cow_White.prefab using Guid(00cd039606e545345aa4c57d5c52d185) Importer(815301076,1909f56bfc062723c751e8b465ee728b)  -> (artifact id: 'd8bb51efd7ddc5aa1e5951c1e2d5c745') in 0.049330 seconds 
========================================================================
Received Import Request.
  Time since last request: 24.066959 seconds.
  path: Assets/Prefabs/Animal_Cow_White.prefab
  artifactKey: Guid(00cd039606e545345aa4c57d5c52d185) Importer(815301076,1909f56bfc062723c751e8b465ee728b)
Start importing Assets/Prefabs/Animal_Cow_White.prefab using Guid(00cd039606e545345aa4c57d5c52d185) Importer(815301076,1909f56bfc062723c751e8b465ee728b)  -> (artifact id: 'e5a978300cf837f3bacc903ac9452b10') in 0.049490 seconds 
========================================================================
Received Import Request.
  Time since last request: 5.874761 seconds.
  path: Assets/Prefabs/Animal_Cow_White.prefab
  artifactKey: Guid(00cd039606e545345aa4c57d5c52d185) Importer(815301076,1909f56bfc062723c751e8b465ee728b)
Start importing Assets/Prefabs/Animal_Cow_White.prefab using Guid(00cd039606e545345aa4c57d5c52d185) Importer(815301076,1909f56bfc062723c751e8b465ee728b)  -> (artifact id: 'edd543a004201466989dad3705ccb0b7') in 0.088132 seconds 
========================================================================
Received Import Request.
  Time since last request: 17.994727 seconds.
  path: Assets/Prefabs/Animal_Cow_White.prefab
  artifactKey: Guid(00cd039606e545345aa4c57d5c52d185) Importer(815301076,1909f56bfc062723c751e8b465ee728b)
Start importing Assets/Prefabs/Animal_Cow_White.prefab using Guid(00cd039606e545345aa4c57d5c52d185) Importer(815301076,1909f56bfc062723c751e8b465ee728b)  -> (artifact id: '6a82f20074ea5d71c8cec63109f4685b') in 0.058361 seconds 
========================================================================
Received Import Request.
  Time since last request: 14.703504 seconds.
  path: Assets/Prefabs/Dog_Pug_01.prefab
  artifactKey: Guid(5f1ab73ef2b33744fba150683ef0873e) Importer(815301076,1909f56bfc062723c751e8b465ee728b)
Start importing Assets/Prefabs/Dog_Pug_01.prefab using Guid(5f1ab73ef2b33744fba150683ef0873e) Importer(815301076,1909f56bfc062723c751e8b465ee728b)  -> (artifact id: '4c7a54f6e33a1a6bbc4376e48e27d6c1') in 0.150666 seconds 
========================================================================
Received Import Request.
  Time since last request: 2.158383 seconds.
  path: Assets/Prefabs/Dog_Pug_01.prefab
  artifactKey: Guid(5f1ab73ef2b33744fba150683ef0873e) Importer(815301076,1909f56bfc062723c751e8b465ee728b)
Start importing Assets/Prefabs/Dog_Pug_01.prefab using Guid(5f1ab73ef2b33744fba150683ef0873e) Importer(815301076,1909f56bfc062723c751e8b465ee728b)  -> (artifact id: 'c9fdaab7c9379a274a8b2aa3d3d2c50f') in 0.139508 seconds 
========================================================================
Received Import Request.
  Time since last request: 3.121440 seconds.
  path: Assets/Prefabs/Dog_Pug_01.prefab
  artifactKey: Guid(5f1ab73ef2b33744fba150683ef0873e) Importer(815301076,1909f56bfc062723c751e8b465ee728b)
Start importing Assets/Prefabs/Dog_Pug_01.prefab using Guid(5f1ab73ef2b33744fba150683ef0873e) Importer(815301076,1909f56bfc062723c751e8b465ee728b)  -> (artifact id: '6e7b182d9bc02a89e9e1c89b4cee8200') in 0.145630 seconds 
========================================================================
Received Import Request.
  Time since last request: 8.868883 seconds.
  path: Assets/Prefabs/Dog_Pug_01.prefab
  artifactKey: Guid(5f1ab73ef2b33744fba150683ef0873e) Importer(815301076,1909f56bfc062723c751e8b465ee728b)
Start importing Assets/Prefabs/Dog_Pug_01.prefab using Guid(5f1ab73ef2b33744fba150683ef0873e) Importer(815301076,1909f56bfc062723c751e8b465ee728b)  -> (artifact id: 'da26c7bb56d61892de2ee29dfe0d3547') in 0.172647 seconds 
========================================================================
Received Import Request.
  Time since last request: 4.503620 seconds.
  path: Assets/Prefabs/Dog_Pug_01.prefab
  artifactKey: Guid(5f1ab73ef2b33744fba150683ef0873e) Importer(815301076,1909f56bfc062723c751e8b465ee728b)
Start importing Assets/Prefabs/Dog_Pug_01.prefab using Guid(5f1ab73ef2b33744fba150683ef0873e) Importer(815301076,1909f56bfc062723c751e8b465ee728b)  -> (artifact id: 'e3f1ef10c48300ce64369f60916f69ff') in 0.209092 seconds 
========================================================================
Received Import Request.
  Time since last request: 5.228359 seconds.
  path: Assets/Prefabs/Dog_Pug_01.prefab
  artifactKey: Guid(5f1ab73ef2b33744fba150683ef0873e) Importer(815301076,1909f56bfc062723c751e8b465ee728b)
Start importing Assets/Prefabs/Dog_Pug_01.prefab using Guid(5f1ab73ef2b33744fba150683ef0873e) Importer(815301076,1909f56bfc062723c751e8b465ee728b)  -> (artifact id: '008b995b32e93a2555788413ae072c36') in 0.159911 seconds 
========================================================================
Received Import Request.
  Time since last request: 14.257781 seconds.
  path: Assets/Prefabs/Dog_Pug_01.prefab
  artifactKey: Guid(5f1ab73ef2b33744fba150683ef0873e) Importer(815301076,1909f56bfc062723c751e8b465ee728b)
Start importing Assets/Prefabs/Dog_Pug_01.prefab using Guid(5f1ab73ef2b33744fba150683ef0873e) Importer(815301076,1909f56bfc062723c751e8b465ee728b)  -> (artifact id: 'b68b2370708bb05ee7c10a2d11038a59') in 0.182005 seconds 
========================================================================
Received Import Request.
  Time since last request: 29.426446 seconds.
  path: Assets/Prefabs/Animal_Chick.prefab
  artifactKey: Guid(4e3174be73ecf274faafd49b6107a2fe) Importer(815301076,1909f56bfc062723c751e8b465ee728b)
Start importing Assets/Prefabs/Animal_Chick.prefab using Guid(4e3174be73ecf274faafd49b6107a2fe) Importer(815301076,1909f56bfc062723c751e8b465ee728b)  -> (artifact id: 'fb8560b64121c2574fc51f93f6342b7d') in 0.071002 seconds 
========================================================================
Received Import Request.
  Time since last request: 5.458901 seconds.
  path: Assets/Prefabs/Animal_Cow_White.prefab
  artifactKey: Guid(00cd039606e545345aa4c57d5c52d185) Importer(815301076,1909f56bfc062723c751e8b465ee728b)
Start importing Assets/Prefabs/Animal_Cow_White.prefab using Guid(00cd039606e545345aa4c57d5c52d185) Importer(815301076,1909f56bfc062723c751e8b465ee728b)  -> (artifact id: '5c200539492549107a8b794a8d30c6b8') in 0.047743 seconds 
========================================================================
Received Import Request.
  Time since last request: 3.146523 seconds.
  path: Assets/Prefabs/Dog_Pug_01.prefab
  artifactKey: Guid(5f1ab73ef2b33744fba150683ef0873e) Importer(815301076,1909f56bfc062723c751e8b465ee728b)
Start importing Assets/Prefabs/Dog_Pug_01.prefab using Guid(5f1ab73ef2b33744fba150683ef0873e) Importer(815301076,1909f56bfc062723c751e8b465ee728b)  -> (artifact id: '801872413691aafdc6dc14c68748ef44') in 0.214275 seconds 
========================================================================
Received Import Request.
  Time since last request: 5.522147 seconds.
  path: Assets/Prefabs/Food_Pizza_01.prefab
  artifactKey: Guid(33312dd21374d0f4082181615fd086d3) Importer(815301076,1909f56bfc062723c751e8b465ee728b)
Start importing Assets/Prefabs/Food_Pizza_01.prefab using Guid(33312dd21374d0f4082181615fd086d3) Importer(815301076,1909f56bfc062723c751e8b465ee728b)  -> (artifact id: 'ee82b69b04504f109122e03c7d680ec2') in 0.033070 seconds 
========================================================================
Received Import Request.
  Time since last request: 99.801429 seconds.
  path: Assets/Prefabs/Food_Pizza_01.prefab
  artifactKey: Guid(33312dd21374d0f4082181615fd086d3) Importer(815301076,1909f56bfc062723c751e8b465ee728b)
Start importing Assets/Prefabs/Food_Pizza_01.prefab using Guid(33312dd21374d0f4082181615fd086d3) Importer(815301076,1909f56bfc062723c751e8b465ee728b)  -> (artifact id: '3f8049e559186f285c878be68d24ce21') in 0.054994 seconds 
========================================================================
Received Import Request.
  Time since last request: 15.366851 seconds.
  path: Assets/Prefabs/Food_Pizza_01.prefab
  artifactKey: Guid(33312dd21374d0f4082181615fd086d3) Importer(815301076,1909f56bfc062723c751e8b465ee728b)
Start importing Assets/Prefabs/Food_Pizza_01.prefab using Guid(33312dd21374d0f4082181615fd086d3) Importer(815301076,1909f56bfc062723c751e8b465ee728b)  -> (artifact id: '04402c98f461972c4da9443a51887a2f') in 0.038544 seconds 
========================================================================
Received Import Request.
  Time since last request: 37.765603 seconds.
  path: Assets/Scripts/DetectCollisions.cs
  artifactKey: Guid(1acca1e695f21ec45a69086697cda6c2) Importer(815301076,1909f56bfc062723c751e8b465ee728b)
Start importing Assets/Scripts/DetectCollisions.cs using Guid(1acca1e695f21ec45a69086697cda6c2) Importer(815301076,1909f56bfc062723c751e8b465ee728b)  -> (artifact id: '358f88b2227ac8f43b25d3868df48f78') in 0.083714 seconds 
========================================================================
Received Prepare
Registering precompiled user dll's ...
Registered in 0.014331 seconds.
Begin MonoManager ReloadAssembly
Native extension for WindowsStandalone target not found
Refreshing native plugins compatible for Editor in 0.92 ms, found 2 plugins.
Preloading 0 native plugins for Editor in 0.00 ms.
Mono: successfully reloaded assembly
- Completed reload, in  3.772 seconds
Domain Reload Profiling:
	ReloadAssembly (3775ms)
		BeginReloadAssembly (473ms)
			ExecutionOrderSort (0ms)
			DisableScriptedObjects (22ms)
			BackupInstance (0ms)
			ReleaseScriptingObjects (0ms)
			CreateAndSetChildDomain (122ms)
		EndReloadAssembly (3046ms)
			LoadAssemblies (419ms)
			RebuildTransferFunctionScriptingTraits (0ms)
			SetupTypeCache (1134ms)
			ReleaseScriptCaches (2ms)
			RebuildScriptCaches (180ms)
			SetupLoadedEditorAssemblies (1047ms)
				LogAssemblyErrors (0ms)
				InitializePlatformSupportModulesInManaged (12ms)
				SetLoadedEditorAssemblies (2ms)
				RefreshPlugins (1ms)
				BeforeProcessingInitializeOnLoad (192ms)
				ProcessInitializeOnLoadAttributes (760ms)
				ProcessInitializeOnLoadMethodAttributes (50ms)
				AfterProcessingInitializeOnLoad (28ms)
				EditorAssembliesLoaded (1ms)
			ExecutionOrderSort2 (0ms)
			AwakeInstancesAfterBackupRestoration (8ms)
Platform modules already initialized, skipping
Refreshing native plugins compatible for Editor in 1.15 ms, found 2 plugins.
Preloading 0 native plugins for Editor in 0.00 ms.
Unloading 1526 Unused Serialized files (Serialized files now loaded: 0)
System memory in use before: 87.7 MB.
System memory in use after: 87.7 MB.

Unloading 12 unused Assets to reduce memory usage. Loaded Objects now: 1980.
Total: 6.583000 ms (FindLiveObjects: 0.336700 ms CreateObjectMapping: 0.156200 ms MarkObjects: 5.965100 ms  DeleteObjects: 0.122500 ms)

AssetImportParameters requested are different than current active one (requested -> active):
  custom:framework-win-MediaFoundation: 216162199b28c13a410421893ffa2e32 -> 
  custom:video-decoder-ogg-theora: a1e56fd34408186e4bbccfd4996cb3dc -> 
  custom:container-muxer-webm: aa71ff27fc2769a1b78a27578f13a17b -> 
  custom:container-demuxer-webm: 4f35f7cbe854078d1ac9338744f61a02 -> 
  custom:container-demuxer-ogg: 62fdf1f143b41e24485cea50d1cbac27 -> 
  custom:video-encoder-webm-vp8: eb34c28f22e8b96e1ab97ce403110664 -> 
  custom:video-decoder-webm-vp8: 9c59270c3fd7afecdb556c50c9e8de78 -> 
  custom:audio-decoder-ogg-vorbis: bf7c407c2cedff20999df2af8eb42d56 -> 
  custom:audio-encoder-webm-vorbis: bf7c407c2cedff20999df2af8eb42d56 -> 
========================================================================
Received Import Request.
  Time since last request: 17.927428 seconds.
  path: Assets/Prefabs/Animal_Chick.prefab
  artifactKey: Guid(4e3174be73ecf274faafd49b6107a2fe) Importer(815301076,1909f56bfc062723c751e8b465ee728b)
Start importing Assets/Prefabs/Animal_Chick.prefab using Guid(4e3174be73ecf274faafd49b6107a2fe) Importer(815301076,1909f56bfc062723c751e8b465ee728b)  -> (artifact id: '499707d67edd7e77c1576f426057c698') in 0.211388 seconds 
========================================================================
Received Import Request.
  Time since last request: 7.427742 seconds.
  path: Assets/Prefabs/Animal_Cow_White.prefab
  artifactKey: Guid(00cd039606e545345aa4c57d5c52d185) Importer(815301076,1909f56bfc062723c751e8b465ee728b)
Start importing Assets/Prefabs/Animal_Cow_White.prefab using Guid(00cd039606e545345aa4c57d5c52d185) Importer(815301076,1909f56bfc062723c751e8b465ee728b)  -> (artifact id: '06956fc6a8b2560fbc89e1ebf93290fb') in 0.055252 seconds 
========================================================================
Received Import Request.
  Time since last request: 3.887389 seconds.
  path: Assets/Prefabs/Dog_Pug_01.prefab
  artifactKey: Guid(5f1ab73ef2b33744fba150683ef0873e) Importer(815301076,1909f56bfc062723c751e8b465ee728b)
Start importing Assets/Prefabs/Dog_Pug_01.prefab using Guid(5f1ab73ef2b33744fba150683ef0873e) Importer(815301076,1909f56bfc062723c751e8b465ee728b)  -> (artifact id: '8366696dd1ad4727611d0f1b2f501e34') in 0.154602 seconds 
========================================================================
Received Prepare
Registering precompiled user dll's ...
Registered in 0.017945 seconds.
Begin MonoManager ReloadAssembly
Native extension for WindowsStandalone target not found
Refreshing native plugins compatible for Editor in 1.25 ms, found 2 plugins.
Preloading 0 native plugins for Editor in 0.00 ms.
Mono: successfully reloaded assembly
- Completed reload, in  4.735 seconds
Domain Reload Profiling:
	ReloadAssembly (4737ms)
		BeginReloadAssembly (668ms)
			ExecutionOrderSort (0ms)
			DisableScriptedObjects (31ms)
			BackupInstance (0ms)
			ReleaseScriptingObjects (0ms)
			CreateAndSetChildDomain (178ms)
		EndReloadAssembly (3798ms)
			LoadAssemblies (520ms)
			RebuildTransferFunctionScriptingTraits (0ms)
			SetupTypeCache (1544ms)
			ReleaseScriptCaches (4ms)
			RebuildScriptCaches (280ms)
			SetupLoadedEditorAssemblies (1105ms)
				LogAssemblyErrors (0ms)
				InitializePlatformSupportModulesInManaged (19ms)
				SetLoadedEditorAssemblies (2ms)
				RefreshPlugins (2ms)
				BeforeProcessingInitializeOnLoad (225ms)
				ProcessInitializeOnLoadAttributes (774ms)
				ProcessInitializeOnLoadMethodAttributes (53ms)
				AfterProcessingInitializeOnLoad (29ms)
				EditorAssembliesLoaded (1ms)
			ExecutionOrderSort2 (0ms)
			AwakeInstancesAfterBackupRestoration (8ms)
Platform modules already initialized, skipping
Refreshing native plugins compatible for Editor in 0.91 ms, found 2 plugins.
Preloading 0 native plugins for Editor in 0.00 ms.
Unloading 1526 Unused Serialized files (Serialized files now loaded: 0)
System memory in use before: 87.7 MB.
System memory in use after: 87.8 MB.

Unloading 12 unused Assets to reduce memory usage. Loaded Objects now: 1984.
Total: 8.398700 ms (FindLiveObjects: 0.202400 ms CreateObjectMapping: 0.089000 ms MarkObjects: 7.951800 ms  DeleteObjects: 0.153700 ms)

AssetImportParameters requested are different than current active one (requested -> active):
  custom:framework-win-MediaFoundation: 216162199b28c13a410421893ffa2e32 -> 
  custom:video-decoder-ogg-theora: a1e56fd34408186e4bbccfd4996cb3dc -> 
  custom:container-muxer-webm: aa71ff27fc2769a1b78a27578f13a17b -> 
  custom:container-demuxer-webm: 4f35f7cbe854078d1ac9338744f61a02 -> 
  custom:container-demuxer-ogg: 62fdf1f143b41e24485cea50d1cbac27 -> 
  custom:video-encoder-webm-vp8: eb34c28f22e8b96e1ab97ce403110664 -> 
  custom:video-decoder-webm-vp8: 9c59270c3fd7afecdb556c50c9e8de78 -> 
  custom:audio-decoder-ogg-vorbis: bf7c407c2cedff20999df2af8eb42d56 -> 
  custom:audio-encoder-webm-vorbis: bf7c407c2cedff20999df2af8eb42d56 -> 
========================================================================
Received Import Request.
  Time since last request: 121.923971 seconds.
  path: Assets/Scripts/DetectCollisions.cs
  artifactKey: Guid(1acca1e695f21ec45a69086697cda6c2) Importer(815301076,1909f56bfc062723c751e8b465ee728b)
Start importing Assets/Scripts/DetectCollisions.cs using Guid(1acca1e695f21ec45a69086697cda6c2) Importer(815301076,1909f56bfc062723c751e8b465ee728b)  -> (artifact id: 'cd56ab62871ab9223b26237ae6410350') in 0.016211 seconds 
========================================================================
Received Prepare
Registering precompiled user dll's ...
Registered in 0.009915 seconds.
Begin MonoManager ReloadAssembly
Native extension for WindowsStandalone target not found
Refreshing native plugins compatible for Editor in 0.77 ms, found 2 plugins.
Preloading 0 native plugins for Editor in 0.00 ms.
Mono: successfully reloaded assembly
- Completed reload, in  2.688 seconds
Domain Reload Profiling:
	ReloadAssembly (2689ms)
		BeginReloadAssembly (342ms)
			ExecutionOrderSort (0ms)
			DisableScriptedObjects (17ms)
			BackupInstance (0ms)
			ReleaseScriptingObjects (0ms)
			CreateAndSetChildDomain (82ms)
		EndReloadAssembly (2146ms)
			LoadAssemblies (284ms)
			RebuildTransferFunctionScriptingTraits (0ms)
			SetupTypeCache (702ms)
			ReleaseScriptCaches (2ms)
			RebuildScriptCaches (97ms)
			SetupLoadedEditorAssemblies (893ms)
				LogAssemblyErrors (0ms)
				InitializePlatformSupportModulesInManaged (12ms)
				SetLoadedEditorAssemblies (1ms)
				RefreshPlugins (1ms)
				BeforeProcessingInitializeOnLoad (154ms)
				ProcessInitializeOnLoadAttributes (642ms)
				ProcessInitializeOnLoadMethodAttributes (62ms)
				AfterProcessingInitializeOnLoad (20ms)
				EditorAssembliesLoaded (1ms)
			ExecutionOrderSort2 (0ms)
			AwakeInstancesAfterBackupRestoration (5ms)
Platform modules already initialized, skipping
Refreshing native plugins compatible for Editor in 0.52 ms, found 2 plugins.
Preloading 0 native plugins for Editor in 0.00 ms.
Unloading 1526 Unused Serialized files (Serialized files now loaded: 0)
System memory in use before: 87.7 MB.
System memory in use after: 87.8 MB.

Unloading 12 unused Assets to reduce memory usage. Loaded Objects now: 1987.
Total: 4.685000 ms (FindLiveObjects: 0.238600 ms CreateObjectMapping: 0.111200 ms MarkObjects: 4.215400 ms  DeleteObjects: 0.118500 ms)

AssetImportParameters requested are different than current active one (requested -> active):
  custom:framework-win-MediaFoundation: 216162199b28c13a410421893ffa2e32 -> 
  custom:video-decoder-ogg-theora: a1e56fd34408186e4bbccfd4996cb3dc -> 
  custom:container-muxer-webm: aa71ff27fc2769a1b78a27578f13a17b -> 
  custom:container-demuxer-webm: 4f35f7cbe854078d1ac9338744f61a02 -> 
  custom:container-demuxer-ogg: 62fdf1f143b41e24485cea50d1cbac27 -> 
  custom:video-encoder-webm-vp8: eb34c28f22e8b96e1ab97ce403110664 -> 
  custom:video-decoder-webm-vp8: 9c59270c3fd7afecdb556c50c9e8de78 -> 
  custom:audio-decoder-ogg-vorbis: bf7c407c2cedff20999df2af8eb42d56 -> 
  custom:audio-encoder-webm-vorbis: bf7c407c2cedff20999df2af8eb42d56 -> 
========================================================================
Received Import Request.
  Time since last request: 196.257386 seconds.
  path: Assets/Scripts/PlayerController.cs
  artifactKey: Guid(f339688ac2fcd9646856f6df799c3df0) Importer(815301076,1909f56bfc062723c751e8b465ee728b)
Start importing Assets/Scripts/PlayerController.cs using Guid(f339688ac2fcd9646856f6df799c3df0) Importer(815301076,1909f56bfc062723c751e8b465ee728b)  -> (artifact id: '3bc186545359e4081af6442708bdfb76') in 0.013149 seconds 
========================================================================
Received Prepare
Registering precompiled user dll's ...
Registered in 0.007914 seconds.
Begin MonoManager ReloadAssembly
Native extension for WindowsStandalone target not found
Refreshing native plugins compatible for Editor in 0.70 ms, found 2 plugins.
Preloading 0 native plugins for Editor in 0.00 ms.
Mono: successfully reloaded assembly
- Completed reload, in  2.492 seconds
Domain Reload Profiling:
	ReloadAssembly (2493ms)
		BeginReloadAssembly (301ms)
			ExecutionOrderSort (0ms)
			DisableScriptedObjects (12ms)
			BackupInstance (0ms)
			ReleaseScriptingObjects (0ms)
			CreateAndSetChildDomain (72ms)
		EndReloadAssembly (2015ms)
			LoadAssemblies (314ms)
			RebuildTransferFunctionScriptingTraits (0ms)
			SetupTypeCache (667ms)
			ReleaseScriptCaches (2ms)
			RebuildScriptCaches (102ms)
			SetupLoadedEditorAssemblies (753ms)
				LogAssemblyErrors (0ms)
				InitializePlatformSupportModulesInManaged (12ms)
				SetLoadedEditorAssemblies (1ms)
				RefreshPlugins (1ms)
				BeforeProcessingInitializeOnLoad (145ms)
				ProcessInitializeOnLoadAttributes (537ms)
				ProcessInitializeOnLoadMethodAttributes (37ms)
				AfterProcessingInitializeOnLoad (19ms)
				EditorAssembliesLoaded (1ms)
			ExecutionOrderSort2 (0ms)
			AwakeInstancesAfterBackupRestoration (5ms)
Platform modules already initialized, skipping
Refreshing native plugins compatible for Editor in 1.04 ms, found 2 plugins.
Preloading 0 native plugins for Editor in 0.00 ms.
Unloading 1526 Unused Serialized files (Serialized files now loaded: 0)
System memory in use before: 87.7 MB.
System memory in use after: 87.8 MB.

Unloading 12 unused Assets to reduce memory usage. Loaded Objects now: 1990.
Total: 9.220400 ms (FindLiveObjects: 0.389600 ms CreateObjectMapping: 0.183700 ms MarkObjects: 8.448500 ms  DeleteObjects: 0.196000 ms)

AssetImportParameters requested are different than current active one (requested -> active):
  custom:framework-win-MediaFoundation: 216162199b28c13a410421893ffa2e32 -> 
  custom:video-decoder-ogg-theora: a1e56fd34408186e4bbccfd4996cb3dc -> 
  custom:container-muxer-webm: aa71ff27fc2769a1b78a27578f13a17b -> 
  custom:container-demuxer-webm: 4f35f7cbe854078d1ac9338744f61a02 -> 
  custom:container-demuxer-ogg: 62fdf1f143b41e24485cea50d1cbac27 -> 
  custom:video-encoder-webm-vp8: eb34c28f22e8b96e1ab97ce403110664 -> 
  custom:video-decoder-webm-vp8: 9c59270c3fd7afecdb556c50c9e8de78 -> 
  custom:audio-decoder-ogg-vorbis: bf7c407c2cedff20999df2af8eb42d56 -> 
  custom:audio-encoder-webm-vorbis: bf7c407c2cedff20999df2af8eb42d56 -> 
AssetImportWorkerClient::OnTransportError - code=2 error=End of file
